<?xml version="1.0" encoding="UTF-8"?>
<!-- Generated by org.testng.reporters.JUnitReportReporter -->
<testsuite hostname="DESKTOP-61O8IBA" failures="0" tests="9" name="com.application.test.ApplicationTest" time="81.979" errors="0" timestamp="2022-11-24T13:06:42 IST" skipped="0">
  <testcase classname="com.application.test.ApplicationTest" name="verifyApplicationLogo" time="5.323"/>
  <system-out/>
  <testcase classname="com.application.test.ApplicationTest" name="verifyApplicationLoginFunctionality" time="5.945"/>
  <system-out/>
  <testcase classname="com.application.test.ApplicationTest" name="verifyClickonAddtoCart" time="5.966"/>
  <system-out/>
  <testcase classname="com.application.test.ApplicationTest" name="verifyCart" time="7.215"/>
  <system-out/>
  <testcase classname="com.application.test.ApplicationTest" name="verifyClickedOnCheckoutBtn" time="30.242"/>
  <system-out/>
  <testcase classname="com.application.test.ApplicationTest" name="AddAllDetails" time="5.882"/>
  <system-out/>
  <testcase classname="com.application.test.ApplicationTest" name="verifyClickOnContinue" time="6.939"/>
  <system-out/>
  <testcase classname="com.application.test.ApplicationTest" name="verifyClickOnFinishBtn" time="7.086"/>
  <system-out/>
  <testcase classname="com.application.test.ApplicationTest" name="verifySuccessfullyCompleted" time="7.381"/>
  <system-out/>
</testsuite> <!-- com.application.test.ApplicationTest -->
